
[2019-11-08 18:24:27,366] [    INFO] - Installing ernie module
[2019-11-08 18:24:27,399] [    INFO] - Module ernie already installed in /root/.paddlehub/modules/ernie
[2019-11-08 18:24:28,195] [    INFO] - Set maximum sequence length of input tensor to 128
[2019-11-08 18:24:28,196] [ WARNING] - ernie-stable has no task_id, the arguement use_taskid of Reader class must be False.
[2019-11-08 18:24:28,196] [    INFO] - The shape of input tensor[input_ids] set to [-1, 128, 1]
[2019-11-08 18:24:28,196] [    INFO] - The shape of input tensor[position_ids] set to [-1, 128, 1]
[2019-11-08 18:24:28,196] [    INFO] - The shape of input tensor[segment_ids] set to [-1, 128, 1]
[2019-11-08 18:24:28,196] [    INFO] - The shape of input tensor[input_mask] set to [-1, 128, 1]
[2019-11-08 18:24:28,197] [    INFO] - 199 pretrained paramaters loaded by PaddleHub
[2019-11-08 18:24:28,301] [    INFO] - Dataset label map = {'1': 1, '0': 0}
[2019-11-08 18:24:28,301] [    INFO] - Checkpoint dir: ./module_in
Stale pidfile exists. Removing it.
[2019-11-08 18:24:28,454: INFO/MainProcess] beat: Starting...
[2019-11-08 18:24:28,454: INFO/MainProcess] Writing entries (0)...
[2019-11-08 18:24:28,592: INFO/MainProcess] Scheduler: Sending due task NLP (news.tasks.Analysis)
[2019-11-08 18:24:28,604: INFO/MainProcess] Writing entries (1)...
[2019-11-08 18:24:33,617: INFO/MainProcess] Scheduler: Sending due task NLP (news.tasks.Analysis)
[2019-11-08 18:24:38,619: INFO/MainProcess] Scheduler: Sending due task NLP (news.tasks.Analysis)
[2019-11-08 18:24:43,622: INFO/MainProcess] Scheduler: Sending due task NLP (news.tasks.Analysis)
[2019-11-08 18:26:05,524] [    INFO] - Installing ernie module
[2019-11-08 18:26:05,556] [    INFO] - Module ernie already installed in /root/.paddlehub/modules/ernie
[2019-11-08 18:26:06,376] [    INFO] - Set maximum sequence length of input tensor to 128
[2019-11-08 18:26:06,376] [ WARNING] - ernie-stable has no task_id, the arguement use_taskid of Reader class must be False.
[2019-11-08 18:26:06,377] [    INFO] - The shape of input tensor[input_ids] set to [-1, 128, 1]
[2019-11-08 18:26:06,377] [    INFO] - The shape of input tensor[position_ids] set to [-1, 128, 1]
[2019-11-08 18:26:06,378] [    INFO] - The shape of input tensor[segment_ids] set to [-1, 128, 1]
[2019-11-08 18:26:06,378] [    INFO] - The shape of input tensor[input_mask] set to [-1, 128, 1]
[2019-11-08 18:26:06,379] [    INFO] - 199 pretrained paramaters loaded by PaddleHub
[2019-11-08 18:26:06,492] [    INFO] - Dataset label map = {'1': 1, '0': 0}
[2019-11-08 18:26:06,492] [    INFO] - Checkpoint dir: ./module_in
Stale pidfile exists. Removing it.
[2019-11-08 18:26:06,645: INFO/MainProcess] beat: Starting...
[2019-11-08 18:26:06,646: INFO/MainProcess] Writing entries (0)...
[2019-11-08 18:26:06,785: INFO/MainProcess] Scheduler: Sending due task NLP (news.tasks.Analysis)
[2019-11-08 18:26:06,796: INFO/MainProcess] Writing entries (1)...
[2019-11-08 18:26:11,826: INFO/MainProcess] Scheduler: Sending due task NLP (news.tasks.Analysis)
[2019-11-08 18:26:16,829: INFO/MainProcess] Scheduler: Sending due task NLP (news.tasks.Analysis)
[2019-11-08 18:26:21,832: INFO/MainProcess] Scheduler: Sending due task NLP (news.tasks.Analysis)
[2019-11-08 18:26:26,835: INFO/MainProcess] Scheduler: Sending due task NLP (news.tasks.Analysis)
[2019-11-08 18:26:31,837: INFO/MainProcess] Scheduler: Sending due task NLP (news.tasks.Analysis)
[2019-11-08 18:26:36,840: INFO/MainProcess] Scheduler: Sending due task NLP (news.tasks.Analysis)
[2019-11-08 18:32:08,262] [    INFO] - Installing ernie module
[2019-11-08 18:32:08,294] [    INFO] - Module ernie already installed in /root/.paddlehub/modules/ernie
[2019-11-08 18:32:09,113] [    INFO] - Set maximum sequence length of input tensor to 128
[2019-11-08 18:32:09,114] [ WARNING] - ernie-stable has no task_id, the arguement use_taskid of Reader class must be False.
[2019-11-08 18:32:09,114] [    INFO] - The shape of input tensor[input_ids] set to [-1, 128, 1]
[2019-11-08 18:32:09,114] [    INFO] - The shape of input tensor[position_ids] set to [-1, 128, 1]
[2019-11-08 18:32:09,114] [    INFO] - The shape of input tensor[segment_ids] set to [-1, 128, 1]
[2019-11-08 18:32:09,114] [    INFO] - The shape of input tensor[input_mask] set to [-1, 128, 1]
[2019-11-08 18:32:09,115] [    INFO] - 199 pretrained paramaters loaded by PaddleHub
[2019-11-08 18:32:09,220] [    INFO] - Dataset label map = {'1': 1, '0': 0}
[2019-11-08 18:32:09,220] [    INFO] - Checkpoint dir: ./module_in
Stale pidfile exists. Removing it.
[2019-11-08 18:32:09,368: INFO/MainProcess] beat: Starting...
[2019-11-08 18:32:09,368: INFO/MainProcess] Writing entries (0)...
[2019-11-08 18:32:09,489: INFO/MainProcess] Scheduler: Sending due task NLP (news.tasks.Analysis)
[2019-11-08 18:32:09,499: INFO/MainProcess] Writing entries (1)...
[2019-11-08 18:32:14,511: INFO/MainProcess] Scheduler: Sending due task NLP (news.tasks.Analysis)
[2019-11-08 18:32:19,514: INFO/MainProcess] Scheduler: Sending due task NLP (news.tasks.Analysis)
[2019-11-08 18:32:24,516: INFO/MainProcess] Scheduler: Sending due task NLP (news.tasks.Analysis)
[2019-11-08 18:32:29,519: INFO/MainProcess] Scheduler: Sending due task NLP (news.tasks.Analysis)
[2019-11-08 18:35:34,853] [    INFO] - Installing ernie module
[2019-11-08 18:35:34,887] [    INFO] - Module ernie already installed in /root/.paddlehub/modules/ernie
[2019-11-08 18:35:35,686] [    INFO] - Set maximum sequence length of input tensor to 128
[2019-11-08 18:35:35,686] [ WARNING] - ernie-stable has no task_id, the arguement use_taskid of Reader class must be False.
[2019-11-08 18:35:35,686] [    INFO] - The shape of input tensor[input_ids] set to [-1, 128, 1]
[2019-11-08 18:35:35,686] [    INFO] - The shape of input tensor[position_ids] set to [-1, 128, 1]
[2019-11-08 18:35:35,686] [    INFO] - The shape of input tensor[segment_ids] set to [-1, 128, 1]
[2019-11-08 18:35:35,687] [    INFO] - The shape of input tensor[input_mask] set to [-1, 128, 1]
[2019-11-08 18:35:35,687] [    INFO] - 199 pretrained paramaters loaded by PaddleHub
[2019-11-08 18:35:35,791] [    INFO] - Dataset label map = {'1': 1, '0': 0}
[2019-11-08 18:35:35,791] [    INFO] - Checkpoint dir: ./module_in
Stale pidfile exists. Removing it.
[2019-11-08 18:35:35,939: INFO/MainProcess] beat: Starting...
[2019-11-08 18:35:35,939: INFO/MainProcess] Writing entries (0)...
[2019-11-08 18:35:36,076: INFO/MainProcess] Scheduler: Sending due task NLP (news.tasks.Analysis)
[2019-11-08 18:35:36,088: INFO/MainProcess] Writing entries (1)...
[2019-11-08 18:35:41,105: INFO/MainProcess] Scheduler: Sending due task NLP (news.tasks.Analysis)
[2019-11-08 18:35:46,107: INFO/MainProcess] Scheduler: Sending due task NLP (news.tasks.Analysis)
[2019-11-08 18:35:51,109: INFO/MainProcess] Scheduler: Sending due task NLP (news.tasks.Analysis)
[2019-11-08 19:46:07,634] [    INFO] - Installing ernie module
[2019-11-08 19:46:07,666] [    INFO] - Module ernie already installed in /root/.paddlehub/modules/ernie
[2019-11-08 19:46:08,486] [    INFO] - Set maximum sequence length of input tensor to 128
[2019-11-08 19:46:08,486] [ WARNING] - ernie-stable has no task_id, the arguement use_taskid of Reader class must be False.
[2019-11-08 19:46:08,486] [    INFO] - The shape of input tensor[input_ids] set to [-1, 128, 1]
[2019-11-08 19:46:08,486] [    INFO] - The shape of input tensor[position_ids] set to [-1, 128, 1]
[2019-11-08 19:46:08,486] [    INFO] - The shape of input tensor[segment_ids] set to [-1, 128, 1]
[2019-11-08 19:46:08,487] [    INFO] - The shape of input tensor[input_mask] set to [-1, 128, 1]
[2019-11-08 19:46:08,487] [    INFO] - 199 pretrained paramaters loaded by PaddleHub
[2019-11-08 19:46:08,593] [    INFO] - Dataset label map = {'1': 1, '0': 0}
[2019-11-08 19:46:08,594] [    INFO] - Checkpoint dir: /root/dataset/module_in
Stale pidfile exists. Removing it.
[2019-11-08 19:46:08,742: INFO/MainProcess] beat: Starting...
[2019-11-08 19:46:08,742: INFO/MainProcess] Writing entries (0)...
[2019-11-08 19:46:13,794: INFO/MainProcess] Writing entries (0)...
[2019-11-08 19:46:13,799: INFO/MainProcess] Scheduler: Sending due task NLP (news.tasks.Analysis)
[2019-11-08 19:46:18,809: INFO/MainProcess] Scheduler: Sending due task NLP (news.tasks.Analysis)
[2019-11-08 19:46:23,811: INFO/MainProcess] Scheduler: Sending due task NLP (news.tasks.Analysis)
[2019-11-08 19:46:28,814: INFO/MainProcess] Scheduler: Sending due task NLP (news.tasks.Analysis)
[2019-11-08 19:46:33,816: INFO/MainProcess] Scheduler: Sending due task NLP (news.tasks.Analysis)
[2019-11-08 19:46:38,819: INFO/MainProcess] Scheduler: Sending due task NLP (news.tasks.Analysis)
[2019-11-08 19:46:43,821: INFO/MainProcess] Scheduler: Sending due task NLP (news.tasks.Analysis)
[2019-11-08 19:46:48,824: INFO/MainProcess] Scheduler: Sending due task NLP (news.tasks.Analysis)
[2019-11-08 19:50:09,820] [    INFO] - Installing ernie module
[2019-11-08 19:50:09,854] [    INFO] - Module ernie already installed in /root/.paddlehub/modules/ernie
[2019-11-08 19:50:10,662] [    INFO] - Set maximum sequence length of input tensor to 128
[2019-11-08 19:50:10,662] [ WARNING] - ernie-stable has no task_id, the arguement use_taskid of Reader class must be False.
[2019-11-08 19:50:10,662] [    INFO] - The shape of input tensor[input_ids] set to [-1, 128, 1]
[2019-11-08 19:50:10,663] [    INFO] - The shape of input tensor[position_ids] set to [-1, 128, 1]
[2019-11-08 19:50:10,663] [    INFO] - The shape of input tensor[segment_ids] set to [-1, 128, 1]
[2019-11-08 19:50:10,663] [    INFO] - The shape of input tensor[input_mask] set to [-1, 128, 1]
[2019-11-08 19:50:10,664] [    INFO] - 199 pretrained paramaters loaded by PaddleHub
[2019-11-08 19:50:10,776] [    INFO] - Dataset label map = {'1': 1, '0': 0}
[2019-11-08 19:50:10,776] [    INFO] - Checkpoint dir: /root/dataset/module_in
Stale pidfile exists. Removing it.
[2019-11-08 19:50:10,932: INFO/MainProcess] beat: Starting...
[2019-11-08 19:50:10,932: INFO/MainProcess] Writing entries (0)...
[2019-11-08 19:50:15,986: INFO/MainProcess] Writing entries (0)...
[2019-11-08 19:50:15,993: INFO/MainProcess] Scheduler: Sending due task NLP (news.tasks.Analysis)
[2019-11-08 19:50:21,003: INFO/MainProcess] Scheduler: Sending due task NLP (news.tasks.Analysis)
[2019-11-08 19:50:26,006: INFO/MainProcess] Scheduler: Sending due task NLP (news.tasks.Analysis)
Stale pidfile exists. Removing it.
[2019-11-08 20:53:34,709: INFO/MainProcess] beat: Starting...
[2019-11-08 20:53:34,709: INFO/MainProcess] Writing entries (0)...
[2019-11-08 20:53:39,764: INFO/MainProcess] Writing entries (0)...
[2019-11-08 20:53:39,771: INFO/MainProcess] Scheduler: Sending due task NLP (news.tasks.Analysis)
[2019-11-08 20:53:44,783: INFO/MainProcess] Scheduler: Sending due task NLP (news.tasks.Analysis)
[2019-11-08 20:53:49,786: INFO/MainProcess] Scheduler: Sending due task NLP (news.tasks.Analysis)
Stale pidfile exists. Removing it.
[2019-11-08 20:54:37,218: INFO/MainProcess] beat: Starting...
[2019-11-08 20:54:37,218: INFO/MainProcess] Writing entries (0)...
[2019-11-08 20:54:42,271: INFO/MainProcess] Writing entries (0)...
[2019-11-08 20:54:42,275: INFO/MainProcess] Scheduler: Sending due task NLP (news.tasks.Analysis)
[2019-11-08 20:54:47,286: INFO/MainProcess] Scheduler: Sending due task NLP (news.tasks.Analysis)
[2019-11-08 20:54:52,289: INFO/MainProcess] Scheduler: Sending due task NLP (news.tasks.Analysis)
[2019-11-08 20:54:57,292: INFO/MainProcess] Scheduler: Sending due task NLP (news.tasks.Analysis)
Stale pidfile exists. Removing it.
[2019-11-08 20:56:52,198: INFO/MainProcess] beat: Starting...
[2019-11-08 20:56:52,199: INFO/MainProcess] Writing entries (0)...
[2019-11-08 20:56:57,255: INFO/MainProcess] Writing entries (0)...
[2019-11-08 20:56:57,260: INFO/MainProcess] Scheduler: Sending due task NLP (news.tasks.Analysis)
[2019-11-08 20:57:02,271: INFO/MainProcess] Scheduler: Sending due task NLP (news.tasks.Analysis)
